<?xml version="1.0" encoding="UTF-8"?>
<!-- Generated by org.testng.reporters.JUnitReportReporter -->
<testsuite hostname="DESKTOP-80GKG3M" failures="0" tests="1" name="driver.Test.TestSelenium" time="2.399" errors="0" timestamp="2022-05-14T01:01:16 CEST" skipped="0">
  <testcase classname="driver.Test.TestSelenium" name="start" time="2.399"/>
  <system-out/>
</testsuite> <!-- driver.Test.TestSelenium -->
